<?xml version="1.0" encoding="UTF-8"?>
<testsuite xmlns:xsi="http://www.w3.org/2001/XMLSchema-instance" xsi:noNamespaceSchemaLocation="https://maven.apache.org/surefire/maven-surefire-plugin/xsd/surefire-test-report.xsd" version="3.0.2" name="com.example.rpg.controller.CharacterControllerIntegrationTest" time="1.039" tests="4" errors="0" skipped="0" failures="0">
  <properties>
    <property name="java.specification.version" value="25"/>
    <property name="sun.jnu.encoding" value="UTF-8"/>
    <property name="java.class.path" value="/home/billy/MMO-RPG/target/test-classes:/home/billy/MMO-RPG/target/classes:/home/billy/.m2/repository/org/springframework/boot/spring-boot-starter-web/3.5.6/spring-boot-starter-web-3.5.6.jar:/home/billy/.m2/repository/org/springframework/boot/spring-boot-starter/3.5.6/spring-boot-starter-3.5.6.jar:/home/billy/.m2/repository/org/springframework/boot/spring-boot-starter-logging/3.5.6/spring-boot-starter-logging-3.5.6.jar:/home/billy/.m2/repository/ch/qos/logback/logback-classic/1.5.18/logback-classic-1.5.18.jar:/home/billy/.m2/repository/ch/qos/logback/logback-core/1.5.18/logback-core-1.5.18.jar:/home/billy/.m2/repository/org/apache/logging/log4j/log4j-to-slf4j/2.24.3/log4j-to-slf4j-2.24.3.jar:/home/billy/.m2/repository/org/apache/logging/log4j/log4j-api/2.24.3/log4j-api-2.24.3.jar:/home/billy/.m2/repository/org/slf4j/jul-to-slf4j/2.0.17/jul-to-slf4j-2.0.17.jar:/home/billy/.m2/repository/jakarta/annotation/jakarta.annotation-api/2.1.1/jakarta.annotation-api-2.1.1.jar:/home/billy/.m2/repository/org/yaml/snakeyaml/2.4/snakeyaml-2.4.jar:/home/billy/.m2/repository/org/springframework/boot/spring-boot-starter-json/3.5.6/spring-boot-starter-json-3.5.6.jar:/home/billy/.m2/repository/com/fasterxml/jackson/datatype/jackson-datatype-jdk8/2.19.2/jackson-datatype-jdk8-2.19.2.jar:/home/billy/.m2/repository/com/fasterxml/jackson/datatype/jackson-datatype-jsr310/2.19.2/jackson-datatype-jsr310-2.19.2.jar:/home/billy/.m2/repository/com/fasterxml/jackson/module/jackson-module-parameter-names/2.19.2/jackson-module-parameter-names-2.19.2.jar:/home/billy/.m2/repository/org/springframework/boot/spring-boot-starter-tomcat/3.5.6/spring-boot-starter-tomcat-3.5.6.jar:/home/billy/.m2/repository/org/apache/tomcat/embed/tomcat-embed-core/10.1.46/tomcat-embed-core-10.1.46.jar:/home/billy/.m2/repository/org/apache/tomcat/embed/tomcat-embed-websocket/10.1.46/tomcat-embed-websocket-10.1.46.jar:/home/billy/.m2/repository/org/springframework/spring-web/6.2.11/spring-web-6.2.11.jar:/home/billy/.m2/repository/org/springframework/spring-beans/6.2.11/spring-beans-6.2.11.jar:/home/billy/.m2/repository/org/springframework/spring-webmvc/6.2.11/spring-webmvc-6.2.11.jar:/home/billy/.m2/repository/org/springframework/spring-context/6.2.11/spring-context-6.2.11.jar:/home/billy/.m2/repository/org/springframework/spring-expression/6.2.11/spring-expression-6.2.11.jar:/home/billy/.m2/repository/org/springframework/boot/spring-boot-starter-data-jpa/3.5.6/spring-boot-starter-data-jpa-3.5.6.jar:/home/billy/.m2/repository/org/springframework/boot/spring-boot-starter-jdbc/3.5.6/spring-boot-starter-jdbc-3.5.6.jar:/home/billy/.m2/repository/com/zaxxer/HikariCP/6.3.3/HikariCP-6.3.3.jar:/home/billy/.m2/repository/org/springframework/spring-jdbc/6.2.11/spring-jdbc-6.2.11.jar:/home/billy/.m2/repository/org/hibernate/orm/hibernate-core/6.6.29.Final/hibernate-core-6.6.29.Final.jar:/home/billy/.m2/repository/jakarta/persistence/jakarta.persistence-api/3.1.0/jakarta.persistence-api-3.1.0.jar:/home/billy/.m2/repository/jakarta/transaction/jakarta.transaction-api/2.0.1/jakarta.transaction-api-2.0.1.jar:/home/billy/.m2/repository/org/jboss/logging/jboss-logging/3.6.1.Final/jboss-logging-3.6.1.Final.jar:/home/billy/.m2/repository/org/hibernate/common/hibernate-commons-annotations/7.0.3.Final/hibernate-commons-annotations-7.0.3.Final.jar:/home/billy/.m2/repository/io/smallrye/jandex/3.2.0/jandex-3.2.0.jar:/home/billy/.m2/repository/com/fasterxml/classmate/1.7.0/classmate-1.7.0.jar:/home/billy/.m2/repository/net/bytebuddy/byte-buddy/1.17.7/byte-buddy-1.17.7.jar:/home/billy/.m2/repository/org/glassfish/jaxb/jaxb-runtime/4.0.5/jaxb-runtime-4.0.5.jar:/home/billy/.m2/repository/org/glassfish/jaxb/jaxb-core/4.0.5/jaxb-core-4.0.5.jar:/home/billy/.m2/repository/org/eclipse/angus/angus-activation/2.0.2/angus-activation-2.0.2.jar:/home/billy/.m2/repository/org/glassfish/jaxb/txw2/4.0.5/txw2-4.0.5.jar:/home/billy/.m2/repository/com/sun/istack/istack-commons-runtime/4.1.2/istack-commons-runtime-4.1.2.jar:/home/billy/.m2/repository/jakarta/inject/jakarta.inject-api/2.0.1/jakarta.inject-api-2.0.1.jar:/home/billy/.m2/repository/org/antlr/antlr4-runtime/4.13.0/antlr4-runtime-4.13.0.jar:/home/billy/.m2/repository/org/springframework/data/spring-data-jpa/3.5.4/spring-data-jpa-3.5.4.jar:/home/billy/.m2/repository/org/springframework/data/spring-data-commons/3.5.4/spring-data-commons-3.5.4.jar:/home/billy/.m2/repository/org/springframework/spring-orm/6.2.11/spring-orm-6.2.11.jar:/home/billy/.m2/repository/org/springframework/spring-tx/6.2.11/spring-tx-6.2.11.jar:/home/billy/.m2/repository/org/slf4j/slf4j-api/2.0.17/slf4j-api-2.0.17.jar:/home/billy/.m2/repository/org/springframework/spring-aspects/6.2.11/spring-aspects-6.2.11.jar:/home/billy/.m2/repository/org/aspectj/aspectjweaver/1.9.24/aspectjweaver-1.9.24.jar:/home/billy/.m2/repository/org/springframework/boot/spring-boot-starter-security/3.5.6/spring-boot-starter-security-3.5.6.jar:/home/billy/.m2/repository/org/springframework/spring-aop/6.2.11/spring-aop-6.2.11.jar:/home/billy/.m2/repository/org/springframework/security/spring-security-config/6.5.5/spring-security-config-6.5.5.jar:/home/billy/.m2/repository/org/springframework/security/spring-security-web/6.5.5/spring-security-web-6.5.5.jar:/home/billy/.m2/repository/org/springframework/boot/spring-boot-starter-websocket/3.5.6/spring-boot-starter-websocket-3.5.6.jar:/home/billy/.m2/repository/org/springframework/spring-messaging/6.2.11/spring-messaging-6.2.11.jar:/home/billy/.m2/repository/org/springframework/spring-websocket/6.2.11/spring-websocket-6.2.11.jar:/home/billy/.m2/repository/org/springframework/boot/spring-boot-starter-actuator/3.5.6/spring-boot-starter-actuator-3.5.6.jar:/home/billy/.m2/repository/org/springframework/boot/spring-boot-actuator-autoconfigure/3.5.6/spring-boot-actuator-autoconfigure-3.5.6.jar:/home/billy/.m2/repository/org/springframework/boot/spring-boot-actuator/3.5.6/spring-boot-actuator-3.5.6.jar:/home/billy/.m2/repository/io/micrometer/micrometer-observation/1.15.4/micrometer-observation-1.15.4.jar:/home/billy/.m2/repository/io/micrometer/micrometer-commons/1.15.4/micrometer-commons-1.15.4.jar:/home/billy/.m2/repository/io/micrometer/micrometer-jakarta9/1.15.4/micrometer-jakarta9-1.15.4.jar:/home/billy/.m2/repository/io/micrometer/micrometer-core/1.15.4/micrometer-core-1.15.4.jar:/home/billy/.m2/repository/org/hdrhistogram/HdrHistogram/2.2.2/HdrHistogram-2.2.2.jar:/home/billy/.m2/repository/org/latencyutils/LatencyUtils/2.0.3/LatencyUtils-2.0.3.jar:/home/billy/.m2/repository/org/springframework/boot/spring-boot-configuration-processor/3.5.6/spring-boot-configuration-processor-3.5.6.jar:/home/billy/.m2/repository/org/postgresql/postgresql/42.7.7/postgresql-42.7.7.jar:/home/billy/.m2/repository/org/checkerframework/checker-qual/3.49.3/checker-qual-3.49.3.jar:/home/billy/.m2/repository/com/h2database/h2/2.3.232/h2-2.3.232.jar:/home/billy/.m2/repository/io/jsonwebtoken/jjwt-api/0.12.5/jjwt-api-0.12.5.jar:/home/billy/.m2/repository/io/jsonwebtoken/jjwt-impl/0.12.5/jjwt-impl-0.12.5.jar:/home/billy/.m2/repository/io/jsonwebtoken/jjwt-jackson/0.12.5/jjwt-jackson-0.12.5.jar:/home/billy/.m2/repository/com/fasterxml/jackson/core/jackson-databind/2.19.2/jackson-databind-2.19.2.jar:/home/billy/.m2/repository/com/fasterxml/jackson/core/jackson-annotations/2.19.2/jackson-annotations-2.19.2.jar:/home/billy/.m2/repository/com/fasterxml/jackson/core/jackson-core/2.19.2/jackson-core-2.19.2.jar:/home/billy/.m2/repository/org/springframework/boot/spring-boot-starter-validation/3.5.6/spring-boot-starter-validation-3.5.6.jar:/home/billy/.m2/repository/org/apache/tomcat/embed/tomcat-embed-el/10.1.46/tomcat-embed-el-10.1.46.jar:/home/billy/.m2/repository/org/hibernate/validator/hibernate-validator/8.0.3.Final/hibernate-validator-8.0.3.Final.jar:/home/billy/.m2/repository/jakarta/validation/jakarta.validation-api/3.0.2/jakarta.validation-api-3.0.2.jar:/home/billy/.m2/repository/org/springframework/boot/spring-boot-devtools/3.5.6/spring-boot-devtools-3.5.6.jar:/home/billy/.m2/repository/org/springframework/boot/spring-boot/3.5.6/spring-boot-3.5.6.jar:/home/billy/.m2/repository/org/springframework/boot/spring-boot-autoconfigure/3.5.6/spring-boot-autoconfigure-3.5.6.jar:/home/billy/.m2/repository/org/projectlombok/lombok/1.18.40/lombok-1.18.40.jar:/home/billy/.m2/repository/org/springframework/boot/spring-boot-starter-test/3.5.6/spring-boot-starter-test-3.5.6.jar:/home/billy/.m2/repository/org/springframework/boot/spring-boot-test/3.5.6/spring-boot-test-3.5.6.jar:/home/billy/.m2/repository/org/springframework/boot/spring-boot-test-autoconfigure/3.5.6/spring-boot-test-autoconfigure-3.5.6.jar:/home/billy/.m2/repository/com/jayway/jsonpath/json-path/2.9.0/json-path-2.9.0.jar:/home/billy/.m2/repository/jakarta/xml/bind/jakarta.xml.bind-api/4.0.2/jakarta.xml.bind-api-4.0.2.jar:/home/billy/.m2/repository/jakarta/activation/jakarta.activation-api/2.1.4/jakarta.activation-api-2.1.4.jar:/home/billy/.m2/repository/net/minidev/json-smart/2.5.2/json-smart-2.5.2.jar:/home/billy/.m2/repository/net/minidev/accessors-smart/2.5.2/accessors-smart-2.5.2.jar:/home/billy/.m2/repository/org/ow2/asm/asm/9.7.1/asm-9.7.1.jar:/home/billy/.m2/repository/org/assertj/assertj-core/3.27.4/assertj-core-3.27.4.jar:/home/billy/.m2/repository/org/awaitility/awaitility/4.2.2/awaitility-4.2.2.jar:/home/billy/.m2/repository/org/hamcrest/hamcrest/3.0/hamcrest-3.0.jar:/home/billy/.m2/repository/org/junit/jupiter/junit-jupiter/5.12.2/junit-jupiter-5.12.2.jar:/home/billy/.m2/repository/org/junit/jupiter/junit-jupiter-api/5.12.2/junit-jupiter-api-5.12.2.jar:/home/billy/.m2/repository/org/opentest4j/opentest4j/1.3.0/opentest4j-1.3.0.jar:/home/billy/.m2/repository/org/junit/platform/junit-platform-commons/1.12.2/junit-platform-commons-1.12.2.jar:/home/billy/.m2/repository/org/apiguardian/apiguardian-api/1.1.2/apiguardian-api-1.1.2.jar:/home/billy/.m2/repository/org/junit/jupiter/junit-jupiter-params/5.12.2/junit-jupiter-params-5.12.2.jar:/home/billy/.m2/repository/org/junit/jupiter/junit-jupiter-engine/5.12.2/junit-jupiter-engine-5.12.2.jar:/home/billy/.m2/repository/org/junit/platform/junit-platform-engine/1.12.2/junit-platform-engine-1.12.2.jar:/home/billy/.m2/repository/org/mockito/mockito-core/5.17.0/mockito-core-5.17.0.jar:/home/billy/.m2/repository/net/bytebuddy/byte-buddy-agent/1.17.7/byte-buddy-agent-1.17.7.jar:/home/billy/.m2/repository/org/objenesis/objenesis/3.3/objenesis-3.3.jar:/home/billy/.m2/repository/org/mockito/mockito-junit-jupiter/5.17.0/mockito-junit-jupiter-5.17.0.jar:/home/billy/.m2/repository/org/skyscreamer/jsonassert/1.5.3/jsonassert-1.5.3.jar:/home/billy/.m2/repository/com/vaadin/external/google/android-json/0.0.20131108.vaadin1/android-json-0.0.20131108.vaadin1.jar:/home/billy/.m2/repository/org/springframework/spring-core/6.2.11/spring-core-6.2.11.jar:/home/billy/.m2/repository/org/springframework/spring-jcl/6.2.11/spring-jcl-6.2.11.jar:/home/billy/.m2/repository/org/springframework/spring-test/6.2.11/spring-test-6.2.11.jar:/home/billy/.m2/repository/org/xmlunit/xmlunit-core/2.10.4/xmlunit-core-2.10.4.jar:/home/billy/.m2/repository/org/springframework/security/spring-security-test/6.5.5/spring-security-test-6.5.5.jar:/home/billy/.m2/repository/org/springframework/security/spring-security-core/6.5.5/spring-security-core-6.5.5.jar:/home/billy/.m2/repository/org/springframework/security/spring-security-crypto/6.5.5/spring-security-crypto-6.5.5.jar:"/>
    <property name="java.vm.vendor" value="Eclipse Adoptium"/>
    <property name="sun.arch.data.model" value="64"/>
    <property name="java.vendor.url" value="https://adoptium.net/"/>
    <property name="user.timezone" value="Europe/Paris"/>
    <property name="org.jboss.logging.provider" value="slf4j"/>
    <property name="os.name" value="Linux"/>
    <property name="java.vm.specification.version" value="25"/>
    <property name="APPLICATION_NAME" value="rpg-multijoueur"/>
    <property name="sun.java.launcher" value="SUN_STANDARD"/>
    <property name="user.country" value="FR"/>
    <property name="sun.boot.library.path" value="/home/billy/.sdkman/candidates/java/25-tem/lib"/>
    <property name="sun.java.command" value="/home/billy/MMO-RPG/target/surefire/surefirebooter-20251030144409455_3.jar /home/billy/MMO-RPG/target/surefire 2025-10-30T14-44-09_367-jvmRun1 surefire-20251030144409455_1tmp surefire_0-20251030144409455_2tmp"/>
    <property name="jdk.debug" value="release"/>
    <property name="surefire.test.class.path" value="/home/billy/MMO-RPG/target/test-classes:/home/billy/MMO-RPG/target/classes:/home/billy/.m2/repository/org/springframework/boot/spring-boot-starter-web/3.5.6/spring-boot-starter-web-3.5.6.jar:/home/billy/.m2/repository/org/springframework/boot/spring-boot-starter/3.5.6/spring-boot-starter-3.5.6.jar:/home/billy/.m2/repository/org/springframework/boot/spring-boot-starter-logging/3.5.6/spring-boot-starter-logging-3.5.6.jar:/home/billy/.m2/repository/ch/qos/logback/logback-classic/1.5.18/logback-classic-1.5.18.jar:/home/billy/.m2/repository/ch/qos/logback/logback-core/1.5.18/logback-core-1.5.18.jar:/home/billy/.m2/repository/org/apache/logging/log4j/log4j-to-slf4j/2.24.3/log4j-to-slf4j-2.24.3.jar:/home/billy/.m2/repository/org/apache/logging/log4j/log4j-api/2.24.3/log4j-api-2.24.3.jar:/home/billy/.m2/repository/org/slf4j/jul-to-slf4j/2.0.17/jul-to-slf4j-2.0.17.jar:/home/billy/.m2/repository/jakarta/annotation/jakarta.annotation-api/2.1.1/jakarta.annotation-api-2.1.1.jar:/home/billy/.m2/repository/org/yaml/snakeyaml/2.4/snakeyaml-2.4.jar:/home/billy/.m2/repository/org/springframework/boot/spring-boot-starter-json/3.5.6/spring-boot-starter-json-3.5.6.jar:/home/billy/.m2/repository/com/fasterxml/jackson/datatype/jackson-datatype-jdk8/2.19.2/jackson-datatype-jdk8-2.19.2.jar:/home/billy/.m2/repository/com/fasterxml/jackson/datatype/jackson-datatype-jsr310/2.19.2/jackson-datatype-jsr310-2.19.2.jar:/home/billy/.m2/repository/com/fasterxml/jackson/module/jackson-module-parameter-names/2.19.2/jackson-module-parameter-names-2.19.2.jar:/home/billy/.m2/repository/org/springframework/boot/spring-boot-starter-tomcat/3.5.6/spring-boot-starter-tomcat-3.5.6.jar:/home/billy/.m2/repository/org/apache/tomcat/embed/tomcat-embed-core/10.1.46/tomcat-embed-core-10.1.46.jar:/home/billy/.m2/repository/org/apache/tomcat/embed/tomcat-embed-websocket/10.1.46/tomcat-embed-websocket-10.1.46.jar:/home/billy/.m2/repository/org/springframework/spring-web/6.2.11/spring-web-6.2.11.jar:/home/billy/.m2/repository/org/springframework/spring-beans/6.2.11/spring-beans-6.2.11.jar:/home/billy/.m2/repository/org/springframework/spring-webmvc/6.2.11/spring-webmvc-6.2.11.jar:/home/billy/.m2/repository/org/springframework/spring-context/6.2.11/spring-context-6.2.11.jar:/home/billy/.m2/repository/org/springframework/spring-expression/6.2.11/spring-expression-6.2.11.jar:/home/billy/.m2/repository/org/springframework/boot/spring-boot-starter-data-jpa/3.5.6/spring-boot-starter-data-jpa-3.5.6.jar:/home/billy/.m2/repository/org/springframework/boot/spring-boot-starter-jdbc/3.5.6/spring-boot-starter-jdbc-3.5.6.jar:/home/billy/.m2/repository/com/zaxxer/HikariCP/6.3.3/HikariCP-6.3.3.jar:/home/billy/.m2/repository/org/springframework/spring-jdbc/6.2.11/spring-jdbc-6.2.11.jar:/home/billy/.m2/repository/org/hibernate/orm/hibernate-core/6.6.29.Final/hibernate-core-6.6.29.Final.jar:/home/billy/.m2/repository/jakarta/persistence/jakarta.persistence-api/3.1.0/jakarta.persistence-api-3.1.0.jar:/home/billy/.m2/repository/jakarta/transaction/jakarta.transaction-api/2.0.1/jakarta.transaction-api-2.0.1.jar:/home/billy/.m2/repository/org/jboss/logging/jboss-logging/3.6.1.Final/jboss-logging-3.6.1.Final.jar:/home/billy/.m2/repository/org/hibernate/common/hibernate-commons-annotations/7.0.3.Final/hibernate-commons-annotations-7.0.3.Final.jar:/home/billy/.m2/repository/io/smallrye/jandex/3.2.0/jandex-3.2.0.jar:/home/billy/.m2/repository/com/fasterxml/classmate/1.7.0/classmate-1.7.0.jar:/home/billy/.m2/repository/net/bytebuddy/byte-buddy/1.17.7/byte-buddy-1.17.7.jar:/home/billy/.m2/repository/org/glassfish/jaxb/jaxb-runtime/4.0.5/jaxb-runtime-4.0.5.jar:/home/billy/.m2/repository/org/glassfish/jaxb/jaxb-core/4.0.5/jaxb-core-4.0.5.jar:/home/billy/.m2/repository/org/eclipse/angus/angus-activation/2.0.2/angus-activation-2.0.2.jar:/home/billy/.m2/repository/org/glassfish/jaxb/txw2/4.0.5/txw2-4.0.5.jar:/home/billy/.m2/repository/com/sun/istack/istack-commons-runtime/4.1.2/istack-commons-runtime-4.1.2.jar:/home/billy/.m2/repository/jakarta/inject/jakarta.inject-api/2.0.1/jakarta.inject-api-2.0.1.jar:/home/billy/.m2/repository/org/antlr/antlr4-runtime/4.13.0/antlr4-runtime-4.13.0.jar:/home/billy/.m2/repository/org/springframework/data/spring-data-jpa/3.5.4/spring-data-jpa-3.5.4.jar:/home/billy/.m2/repository/org/springframework/data/spring-data-commons/3.5.4/spring-data-commons-3.5.4.jar:/home/billy/.m2/repository/org/springframework/spring-orm/6.2.11/spring-orm-6.2.11.jar:/home/billy/.m2/repository/org/springframework/spring-tx/6.2.11/spring-tx-6.2.11.jar:/home/billy/.m2/repository/org/slf4j/slf4j-api/2.0.17/slf4j-api-2.0.17.jar:/home/billy/.m2/repository/org/springframework/spring-aspects/6.2.11/spring-aspects-6.2.11.jar:/home/billy/.m2/repository/org/aspectj/aspectjweaver/1.9.24/aspectjweaver-1.9.24.jar:/home/billy/.m2/repository/org/springframework/boot/spring-boot-starter-security/3.5.6/spring-boot-starter-security-3.5.6.jar:/home/billy/.m2/repository/org/springframework/spring-aop/6.2.11/spring-aop-6.2.11.jar:/home/billy/.m2/repository/org/springframework/security/spring-security-config/6.5.5/spring-security-config-6.5.5.jar:/home/billy/.m2/repository/org/springframework/security/spring-security-web/6.5.5/spring-security-web-6.5.5.jar:/home/billy/.m2/repository/org/springframework/boot/spring-boot-starter-websocket/3.5.6/spring-boot-starter-websocket-3.5.6.jar:/home/billy/.m2/repository/org/springframework/spring-messaging/6.2.11/spring-messaging-6.2.11.jar:/home/billy/.m2/repository/org/springframework/spring-websocket/6.2.11/spring-websocket-6.2.11.jar:/home/billy/.m2/repository/org/springframework/boot/spring-boot-starter-actuator/3.5.6/spring-boot-starter-actuator-3.5.6.jar:/home/billy/.m2/repository/org/springframework/boot/spring-boot-actuator-autoconfigure/3.5.6/spring-boot-actuator-autoconfigure-3.5.6.jar:/home/billy/.m2/repository/org/springframework/boot/spring-boot-actuator/3.5.6/spring-boot-actuator-3.5.6.jar:/home/billy/.m2/repository/io/micrometer/micrometer-observation/1.15.4/micrometer-observation-1.15.4.jar:/home/billy/.m2/repository/io/micrometer/micrometer-commons/1.15.4/micrometer-commons-1.15.4.jar:/home/billy/.m2/repository/io/micrometer/micrometer-jakarta9/1.15.4/micrometer-jakarta9-1.15.4.jar:/home/billy/.m2/repository/io/micrometer/micrometer-core/1.15.4/micrometer-core-1.15.4.jar:/home/billy/.m2/repository/org/hdrhistogram/HdrHistogram/2.2.2/HdrHistogram-2.2.2.jar:/home/billy/.m2/repository/org/latencyutils/LatencyUtils/2.0.3/LatencyUtils-2.0.3.jar:/home/billy/.m2/repository/org/springframework/boot/spring-boot-configuration-processor/3.5.6/spring-boot-configuration-processor-3.5.6.jar:/home/billy/.m2/repository/org/postgresql/postgresql/42.7.7/postgresql-42.7.7.jar:/home/billy/.m2/repository/org/checkerframework/checker-qual/3.49.3/checker-qual-3.49.3.jar:/home/billy/.m2/repository/com/h2database/h2/2.3.232/h2-2.3.232.jar:/home/billy/.m2/repository/io/jsonwebtoken/jjwt-api/0.12.5/jjwt-api-0.12.5.jar:/home/billy/.m2/repository/io/jsonwebtoken/jjwt-impl/0.12.5/jjwt-impl-0.12.5.jar:/home/billy/.m2/repository/io/jsonwebtoken/jjwt-jackson/0.12.5/jjwt-jackson-0.12.5.jar:/home/billy/.m2/repository/com/fasterxml/jackson/core/jackson-databind/2.19.2/jackson-databind-2.19.2.jar:/home/billy/.m2/repository/com/fasterxml/jackson/core/jackson-annotations/2.19.2/jackson-annotations-2.19.2.jar:/home/billy/.m2/repository/com/fasterxml/jackson/core/jackson-core/2.19.2/jackson-core-2.19.2.jar:/home/billy/.m2/repository/org/springframework/boot/spring-boot-starter-validation/3.5.6/spring-boot-starter-validation-3.5.6.jar:/home/billy/.m2/repository/org/apache/tomcat/embed/tomcat-embed-el/10.1.46/tomcat-embed-el-10.1.46.jar:/home/billy/.m2/repository/org/hibernate/validator/hibernate-validator/8.0.3.Final/hibernate-validator-8.0.3.Final.jar:/home/billy/.m2/repository/jakarta/validation/jakarta.validation-api/3.0.2/jakarta.validation-api-3.0.2.jar:/home/billy/.m2/repository/org/springframework/boot/spring-boot-devtools/3.5.6/spring-boot-devtools-3.5.6.jar:/home/billy/.m2/repository/org/springframework/boot/spring-boot/3.5.6/spring-boot-3.5.6.jar:/home/billy/.m2/repository/org/springframework/boot/spring-boot-autoconfigure/3.5.6/spring-boot-autoconfigure-3.5.6.jar:/home/billy/.m2/repository/org/projectlombok/lombok/1.18.40/lombok-1.18.40.jar:/home/billy/.m2/repository/org/springframework/boot/spring-boot-starter-test/3.5.6/spring-boot-starter-test-3.5.6.jar:/home/billy/.m2/repository/org/springframework/boot/spring-boot-test/3.5.6/spring-boot-test-3.5.6.jar:/home/billy/.m2/repository/org/springframework/boot/spring-boot-test-autoconfigure/3.5.6/spring-boot-test-autoconfigure-3.5.6.jar:/home/billy/.m2/repository/com/jayway/jsonpath/json-path/2.9.0/json-path-2.9.0.jar:/home/billy/.m2/repository/jakarta/xml/bind/jakarta.xml.bind-api/4.0.2/jakarta.xml.bind-api-4.0.2.jar:/home/billy/.m2/repository/jakarta/activation/jakarta.activation-api/2.1.4/jakarta.activation-api-2.1.4.jar:/home/billy/.m2/repository/net/minidev/json-smart/2.5.2/json-smart-2.5.2.jar:/home/billy/.m2/repository/net/minidev/accessors-smart/2.5.2/accessors-smart-2.5.2.jar:/home/billy/.m2/repository/org/ow2/asm/asm/9.7.1/asm-9.7.1.jar:/home/billy/.m2/repository/org/assertj/assertj-core/3.27.4/assertj-core-3.27.4.jar:/home/billy/.m2/repository/org/awaitility/awaitility/4.2.2/awaitility-4.2.2.jar:/home/billy/.m2/repository/org/hamcrest/hamcrest/3.0/hamcrest-3.0.jar:/home/billy/.m2/repository/org/junit/jupiter/junit-jupiter/5.12.2/junit-jupiter-5.12.2.jar:/home/billy/.m2/repository/org/junit/jupiter/junit-jupiter-api/5.12.2/junit-jupiter-api-5.12.2.jar:/home/billy/.m2/repository/org/opentest4j/opentest4j/1.3.0/opentest4j-1.3.0.jar:/home/billy/.m2/repository/org/junit/platform/junit-platform-commons/1.12.2/junit-platform-commons-1.12.2.jar:/home/billy/.m2/repository/org/apiguardian/apiguardian-api/1.1.2/apiguardian-api-1.1.2.jar:/home/billy/.m2/repository/org/junit/jupiter/junit-jupiter-params/5.12.2/junit-jupiter-params-5.12.2.jar:/home/billy/.m2/repository/org/junit/jupiter/junit-jupiter-engine/5.12.2/junit-jupiter-engine-5.12.2.jar:/home/billy/.m2/repository/org/junit/platform/junit-platform-engine/1.12.2/junit-platform-engine-1.12.2.jar:/home/billy/.m2/repository/org/mockito/mockito-core/5.17.0/mockito-core-5.17.0.jar:/home/billy/.m2/repository/net/bytebuddy/byte-buddy-agent/1.17.7/byte-buddy-agent-1.17.7.jar:/home/billy/.m2/repository/org/objenesis/objenesis/3.3/objenesis-3.3.jar:/home/billy/.m2/repository/org/mockito/mockito-junit-jupiter/5.17.0/mockito-junit-jupiter-5.17.0.jar:/home/billy/.m2/repository/org/skyscreamer/jsonassert/1.5.3/jsonassert-1.5.3.jar:/home/billy/.m2/repository/com/vaadin/external/google/android-json/0.0.20131108.vaadin1/android-json-0.0.20131108.vaadin1.jar:/home/billy/.m2/repository/org/springframework/spring-core/6.2.11/spring-core-6.2.11.jar:/home/billy/.m2/repository/org/springframework/spring-jcl/6.2.11/spring-jcl-6.2.11.jar:/home/billy/.m2/repository/org/springframework/spring-test/6.2.11/spring-test-6.2.11.jar:/home/billy/.m2/repository/org/xmlunit/xmlunit-core/2.10.4/xmlunit-core-2.10.4.jar:/home/billy/.m2/repository/org/springframework/security/spring-security-test/6.5.5/spring-security-test-6.5.5.jar:/home/billy/.m2/repository/org/springframework/security/spring-security-core/6.5.5/spring-security-core-6.5.5.jar:/home/billy/.m2/repository/org/springframework/security/spring-security-crypto/6.5.5/spring-security-crypto-6.5.5.jar:"/>
    <property name="sun.cpu.endian" value="little"/>
    <property name="user.home" value="/home/billy"/>
    <property name="user.language" value="fr"/>
    <property name="java.specification.vendor" value="Oracle Corporation"/>
    <property name="java.version.date" value="2025-09-16"/>
    <property name="java.home" value="/home/billy/.sdkman/candidates/java/25-tem"/>
    <property name="file.separator" value="/"/>
    <property name="basedir" value="/home/billy/MMO-RPG"/>
    <property name="java.vm.compressedOopsMode" value="32-bit"/>
    <property name="line.separator" value="&#10;"/>
    <property name="java.vm.specification.vendor" value="Oracle Corporation"/>
    <property name="java.specification.name" value="Java Platform API Specification"/>
    <property name="FILE_LOG_CHARSET" value="UTF-8"/>
    <property name="java.awt.headless" value="true"/>
    <property name="surefire.real.class.path" value="/home/billy/MMO-RPG/target/surefire/surefirebooter-20251030144409455_3.jar"/>
    <property name="sun.management.compiler" value="HotSpot 64-Bit Tiered Compilers"/>
    <property name="java.runtime.version" value="25+36-LTS"/>
    <property name="user.name" value="billy"/>
    <property name="stdout.encoding" value="UTF-8"/>
    <property name="path.separator" value=":"/>
    <property name="os.version" value="6.14.0-34-generic"/>
    <property name="java.runtime.name" value="OpenJDK Runtime Environment"/>
    <property name="file.encoding" value="UTF-8"/>
    <property name="java.vm.name" value="OpenJDK 64-Bit Server VM"/>
    <property name="java.vendor.version" value="Temurin-25+36"/>
    <property name="localRepository" value="/home/billy/.m2/repository"/>
    <property name="java.vendor.url.bug" value="https://github.com/adoptium/adoptium-support/issues"/>
    <property name="java.io.tmpdir" value="/tmp"/>
    <property name="com.zaxxer.hikari.pool_number" value="1"/>
    <property name="java.version" value="25"/>
    <property name="user.dir" value="/home/billy/MMO-RPG"/>
    <property name="os.arch" value="amd64"/>
    <property name="java.vm.specification.name" value="Java Virtual Machine Specification"/>
    <property name="PID" value="156763"/>
    <property name="CONSOLE_LOG_CHARSET" value="UTF-8"/>
    <property name="native.encoding" value="UTF-8"/>
    <property name="java.library.path" value="/usr/java/packages/lib:/usr/lib64:/lib64:/lib:/usr/lib"/>
    <property name="java.vm.info" value="mixed mode, sharing"/>
    <property name="stderr.encoding" value="UTF-8"/>
    <property name="java.vendor" value="Eclipse Adoptium"/>
    <property name="java.vm.version" value="25+36-LTS"/>
    <property name="stdin.encoding" value="UTF-8"/>
    <property name="sun.io.unicode.encoding" value="UnicodeLittle"/>
    <property name="java.class.version" value="69.0"/>
    <property name="LOGGED_APPLICATION_NAME" value="[rpg-multijoueur] "/>
  </properties>
  <testcase name="createCharacter_success" classname="com.example.rpg.controller.CharacterControllerIntegrationTest" time="0.386">
    <system-out><![CDATA[2025-10-30T14:44:23.549+01:00 DEBUG 156763 --- [rpg-multijoueur] [           main] org.hibernate.SQL                        : 
    select
        c1_0.id,
        c1_0.character_class,
        c1_0.created_at,
        c1_0.crit_rate,
        c1_0.current_hp,
        c1_0.current_mp,
        c1_0.destiny,
        c1_0.evade,
        c1_0.experience,
        c1_0.hit,
        c1_0.level,
        c1_0.magic_defense,
        c1_0.magic_attack,
        c1_0.magic_evade,
        c1_0.magic_hit,
        c1_0.max_hp,
        c1_0.max_mp,
        c1_0.move,
        c1_0.name,
        c1_0.physical_defense,
        c1_0.physical_attack,
        c1_0.positionx,
        c1_0.positiony,
        c1_0.speed,
        c1_0.state,
        c1_0.updated_at,
        c1_0.utilisateur_id 
    from
        characters c1_0
Hibernate: 
    select
        c1_0.id,
        c1_0.character_class,
        c1_0.created_at,
        c1_0.crit_rate,
        c1_0.current_hp,
        c1_0.current_mp,
        c1_0.destiny,
        c1_0.evade,
        c1_0.experience,
        c1_0.hit,
        c1_0.level,
        c1_0.magic_defense,
        c1_0.magic_attack,
        c1_0.magic_evade,
        c1_0.magic_hit,
        c1_0.max_hp,
        c1_0.max_mp,
        c1_0.move,
        c1_0.name,
        c1_0.physical_defense,
        c1_0.physical_attack,
        c1_0.positionx,
        c1_0.positiony,
        c1_0.speed,
        c1_0.state,
        c1_0.updated_at,
        c1_0.utilisateur_id 
    from
        characters c1_0
2025-10-30T14:44:23.556+01:00 DEBUG 156763 --- [rpg-multijoueur] [           main] org.hibernate.SQL                        : 
    select
        u1_0.id,
        u1_0.created_at,
        u1_0.email,
        u1_0.enabled,
        u1_0.password,
        u1_0.username 
    from
        utilisateurs u1_0
Hibernate: 
    select
        u1_0.id,
        u1_0.created_at,
        u1_0.email,
        u1_0.enabled,
        u1_0.password,
        u1_0.username 
    from
        utilisateurs u1_0
2025-10-30T14:44:23.559+01:00 DEBUG 156763 --- [rpg-multijoueur] [           main] org.hibernate.SQL                        : 
    select
        r1_0.utilisateur_id,
        r1_0.role 
    from
        utilisateur_roles r1_0 
    where
        r1_0.utilisateur_id=?
Hibernate: 
    select
        r1_0.utilisateur_id,
        r1_0.role 
    from
        utilisateur_roles r1_0 
    where
        r1_0.utilisateur_id=?
2025-10-30T14:44:23.560+01:00 DEBUG 156763 --- [rpg-multijoueur] [           main] org.hibernate.SQL                        : 
    delete 
    from
        utilisateur_roles 
    where
        utilisateur_id=?
Hibernate: 
    delete 
    from
        utilisateur_roles 
    where
        utilisateur_id=?
2025-10-30T14:44:23.561+01:00 DEBUG 156763 --- [rpg-multijoueur] [           main] org.hibernate.SQL                        : 
    delete 
    from
        utilisateurs 
    where
        id=?
Hibernate: 
    delete 
    from
        utilisateurs 
    where
        id=?
2025-10-30T14:44:23.564+01:00 DEBUG 156763 --- [rpg-multijoueur] [           main] o.s.security.web.FilterChainProxy        : Securing POST /auth/register
2025-10-30T14:44:23.565+01:00 DEBUG 156763 --- [rpg-multijoueur] [           main] o.s.s.w.a.AnonymousAuthenticationFilter  : Set SecurityContextHolder to anonymous SecurityContext
2025-10-30T14:44:23.565+01:00 DEBUG 156763 --- [rpg-multijoueur] [           main] o.s.security.web.FilterChainProxy        : Secured POST /auth/register
2025-10-30T14:44:23.569+01:00 DEBUG 156763 --- [rpg-multijoueur] [           main] org.hibernate.SQL                        : 
    select
        u1_0.id 
    from
        utilisateurs u1_0 
    where
        u1_0.username=? 
    fetch
        first ? rows only
Hibernate: 
    select
        u1_0.id 
    from
        utilisateurs u1_0 
    where
        u1_0.username=? 
    fetch
        first ? rows only
2025-10-30T14:44:23.571+01:00 DEBUG 156763 --- [rpg-multijoueur] [           main] org.hibernate.SQL                        : 
    select
        u1_0.id 
    from
        utilisateurs u1_0 
    where
        u1_0.email=? 
    fetch
        first ? rows only
Hibernate: 
    select
        u1_0.id 
    from
        utilisateurs u1_0 
    where
        u1_0.email=? 
    fetch
        first ? rows only
2025-10-30T14:44:23.647+01:00 DEBUG 156763 --- [rpg-multijoueur] [           main] org.hibernate.SQL                        : 
    insert 
    into
        utilisateurs
        (created_at, email, enabled, password, username, id) 
    values
        (?, ?, ?, ?, ?, default)
Hibernate: 
    insert 
    into
        utilisateurs
        (created_at, email, enabled, password, username, id) 
    values
        (?, ?, ?, ?, ?, default)
2025-10-30T14:44:23.649+01:00 DEBUG 156763 --- [rpg-multijoueur] [           main] org.hibernate.SQL                        : 
    insert 
    into
        utilisateur_roles
        (utilisateur_id, role) 
    values
        (?, ?)
Hibernate: 
    insert 
    into
        utilisateur_roles
        (utilisateur_id, role) 
    values
        (?, ?)
2025-10-30T14:44:23.651+01:00 DEBUG 156763 --- [rpg-multijoueur] [           main] org.hibernate.SQL                        : 
    select
        u1_0.id,
        u1_0.created_at,
        u1_0.email,
        u1_0.enabled,
        u1_0.password,
        u1_0.username 
    from
        utilisateurs u1_0 
    where
        u1_0.username=?
Hibernate: 
    select
        u1_0.id,
        u1_0.created_at,
        u1_0.email,
        u1_0.enabled,
        u1_0.password,
        u1_0.username 
    from
        utilisateurs u1_0 
    where
        u1_0.username=?
2025-10-30T14:44:23.654+01:00 DEBUG 156763 --- [rpg-multijoueur] [           main] o.s.security.web.FilterChainProxy        : Securing POST /auth/login
2025-10-30T14:44:23.655+01:00 DEBUG 156763 --- [rpg-multijoueur] [           main] o.s.s.w.a.AnonymousAuthenticationFilter  : Set SecurityContextHolder to anonymous SecurityContext
2025-10-30T14:44:23.655+01:00 DEBUG 156763 --- [rpg-multijoueur] [           main] o.s.security.web.FilterChainProxy        : Secured POST /auth/login
2025-10-30T14:44:23.657+01:00 DEBUG 156763 --- [rpg-multijoueur] [           main] org.hibernate.SQL                        : 
    select
        u1_0.id,
        u1_0.created_at,
        u1_0.email,
        u1_0.enabled,
        u1_0.password,
        u1_0.username 
    from
        utilisateurs u1_0 
    where
        u1_0.username=?
Hibernate: 
    select
        u1_0.id,
        u1_0.created_at,
        u1_0.email,
        u1_0.enabled,
        u1_0.password,
        u1_0.username 
    from
        utilisateurs u1_0 
    where
        u1_0.username=?
2025-10-30T14:44:23.659+01:00 DEBUG 156763 --- [rpg-multijoueur] [           main] org.hibernate.SQL                        : 
    select
        r1_0.utilisateur_id,
        r1_0.role 
    from
        utilisateur_roles r1_0 
    where
        r1_0.utilisateur_id=?
Hibernate: 
    select
        r1_0.utilisateur_id,
        r1_0.role 
    from
        utilisateur_roles r1_0 
    where
        r1_0.utilisateur_id=?
2025-10-30T14:44:23.726+01:00 DEBUG 156763 --- [rpg-multijoueur] [           main] org.hibernate.SQL                        : 
    select
        u1_0.id,
        u1_0.created_at,
        u1_0.email,
        u1_0.enabled,
        u1_0.password,
        u1_0.username 
    from
        utilisateurs u1_0 
    where
        u1_0.username=?
Hibernate: 
    select
        u1_0.id,
        u1_0.created_at,
        u1_0.email,
        u1_0.enabled,
        u1_0.password,
        u1_0.username 
    from
        utilisateurs u1_0 
    where
        u1_0.username=?
2025-10-30T14:44:23.766+01:00 DEBUG 156763 --- [rpg-multijoueur] [           main] o.s.security.web.FilterChainProxy        : Securing POST /api/character/create
2025-10-30T14:44:23.863+01:00 DEBUG 156763 --- [rpg-multijoueur] [           main] org.hibernate.SQL                        : 
    select
        u1_0.id,
        u1_0.created_at,
        u1_0.email,
        u1_0.enabled,
        u1_0.password,
        u1_0.username 
    from
        utilisateurs u1_0 
    where
        u1_0.username=?
Hibernate: 
    select
        u1_0.id,
        u1_0.created_at,
        u1_0.email,
        u1_0.enabled,
        u1_0.password,
        u1_0.username 
    from
        utilisateurs u1_0 
    where
        u1_0.username=?
2025-10-30T14:44:23.865+01:00 DEBUG 156763 --- [rpg-multijoueur] [           main] org.hibernate.SQL                        : 
    select
        r1_0.utilisateur_id,
        r1_0.role 
    from
        utilisateur_roles r1_0 
    where
        r1_0.utilisateur_id=?
Hibernate: 
    select
        r1_0.utilisateur_id,
        r1_0.role 
    from
        utilisateur_roles r1_0 
    where
        r1_0.utilisateur_id=?
2025-10-30T14:44:23.869+01:00 DEBUG 156763 --- [rpg-multijoueur] [           main] o.s.security.web.FilterChainProxy        : Secured POST /api/character/create
2025-10-30T14:44:23.884+01:00 DEBUG 156763 --- [rpg-multijoueur] [           main] org.hibernate.SQL                        : 
    select
        u1_0.id,
        u1_0.created_at,
        u1_0.email,
        u1_0.enabled,
        u1_0.password,
        u1_0.username 
    from
        utilisateurs u1_0 
    where
        u1_0.username=?
Hibernate: 
    select
        u1_0.id,
        u1_0.created_at,
        u1_0.email,
        u1_0.enabled,
        u1_0.password,
        u1_0.username 
    from
        utilisateurs u1_0 
    where
        u1_0.username=?
2025-10-30T14:44:23.886+01:00 DEBUG 156763 --- [rpg-multijoueur] [           main] org.hibernate.SQL                        : 
    select
        r1_0.utilisateur_id,
        r1_0.role 
    from
        utilisateur_roles r1_0 
    where
        r1_0.utilisateur_id=?
Hibernate: 
    select
        r1_0.utilisateur_id,
        r1_0.role 
    from
        utilisateur_roles r1_0 
    where
        r1_0.utilisateur_id=?
2025-10-30T14:44:23.892+01:00 DEBUG 156763 --- [rpg-multijoueur] [           main] org.hibernate.SQL                        : 
    select
        count(c1_0.id) 
    from
        characters c1_0 
    left join
        utilisateurs u1_0 
            on u1_0.id=c1_0.utilisateur_id 
    where
        u1_0.id=?
Hibernate: 
    select
        count(c1_0.id) 
    from
        characters c1_0 
    left join
        utilisateurs u1_0 
            on u1_0.id=c1_0.utilisateur_id 
    where
        u1_0.id=?
2025-10-30T14:44:23.899+01:00 DEBUG 156763 --- [rpg-multijoueur] [           main] org.hibernate.SQL                        : 
    select
        c1_0.id 
    from
        characters c1_0 
    where
        c1_0.name=? 
    fetch
        first ? rows only
Hibernate: 
    select
        c1_0.id 
    from
        characters c1_0 
    where
        c1_0.name=? 
    fetch
        first ? rows only
2025-10-30T14:44:23.902+01:00 DEBUG 156763 --- [rpg-multijoueur] [           main] org.hibernate.SQL                        : 
    insert 
    into
        characters
        (character_class, created_at, crit_rate, current_hp, current_mp, destiny, evade, experience, hit, level, magic_defense, magic_attack, magic_evade, magic_hit, max_hp, max_mp, move, name, physical_defense, physical_attack, positionx, positiony, speed, state, updated_at, utilisateur_id, id) 
    values
        (?, ?, ?, ?, ?, ?, ?, ?, ?, ?, ?, ?, ?, ?, ?, ?, ?, ?, ?, ?, ?, ?, ?, ?, ?, ?, default)
Hibernate: 
    insert 
    into
        characters
        (character_class, created_at, crit_rate, current_hp, current_mp, destiny, evade, experience, hit, level, magic_defense, magic_attack, magic_evade, magic_hit, max_hp, max_mp, move, name, physical_defense, physical_attack, positionx, positiony, speed, state, updated_at, utilisateur_id, id) 
    values
        (?, ?, ?, ?, ?, ?, ?, ?, ?, ?, ?, ?, ?, ?, ?, ?, ?, ?, ?, ?, ?, ?, ?, ?, ?, ?, default)
]]></system-out>
  </testcase>
  <testcase name="getMyCharacter_success_afterCreate" classname="com.example.rpg.controller.CharacterControllerIntegrationTest" time="0.232">
    <system-out><![CDATA[2025-10-30T14:44:23.932+01:00 DEBUG 156763 --- [rpg-multijoueur] [           main] org.hibernate.SQL                        : 
    select
        c1_0.id,
        c1_0.character_class,
        c1_0.created_at,
        c1_0.crit_rate,
        c1_0.current_hp,
        c1_0.current_mp,
        c1_0.destiny,
        c1_0.evade,
        c1_0.experience,
        c1_0.hit,
        c1_0.level,
        c1_0.magic_defense,
        c1_0.magic_attack,
        c1_0.magic_evade,
        c1_0.magic_hit,
        c1_0.max_hp,
        c1_0.max_mp,
        c1_0.move,
        c1_0.name,
        c1_0.physical_defense,
        c1_0.physical_attack,
        c1_0.positionx,
        c1_0.positiony,
        c1_0.speed,
        c1_0.state,
        c1_0.updated_at,
        c1_0.utilisateur_id 
    from
        characters c1_0
Hibernate: 
    select
        c1_0.id,
        c1_0.character_class,
        c1_0.created_at,
        c1_0.crit_rate,
        c1_0.current_hp,
        c1_0.current_mp,
        c1_0.destiny,
        c1_0.evade,
        c1_0.experience,
        c1_0.hit,
        c1_0.level,
        c1_0.magic_defense,
        c1_0.magic_attack,
        c1_0.magic_evade,
        c1_0.magic_hit,
        c1_0.max_hp,
        c1_0.max_mp,
        c1_0.move,
        c1_0.name,
        c1_0.physical_defense,
        c1_0.physical_attack,
        c1_0.positionx,
        c1_0.positiony,
        c1_0.speed,
        c1_0.state,
        c1_0.updated_at,
        c1_0.utilisateur_id 
    from
        characters c1_0
2025-10-30T14:44:23.939+01:00 DEBUG 156763 --- [rpg-multijoueur] [           main] org.hibernate.SQL                        : 
    select
        u1_0.id,
        u1_0.created_at,
        u1_0.email,
        u1_0.enabled,
        u1_0.password,
        r1_0.utilisateur_id,
        r1_0.role,
        u1_0.username 
    from
        utilisateurs u1_0 
    left join
        utilisateur_roles r1_0 
            on u1_0.id=r1_0.utilisateur_id 
    where
        u1_0.id=?
Hibernate: 
    select
        u1_0.id,
        u1_0.created_at,
        u1_0.email,
        u1_0.enabled,
        u1_0.password,
        r1_0.utilisateur_id,
        r1_0.role,
        u1_0.username 
    from
        utilisateurs u1_0 
    left join
        utilisateur_roles r1_0 
            on u1_0.id=r1_0.utilisateur_id 
    where
        u1_0.id=?
2025-10-30T14:44:23.943+01:00 DEBUG 156763 --- [rpg-multijoueur] [           main] org.hibernate.SQL                        : 
    delete 
    from
        characters 
    where
        id=?
Hibernate: 
    delete 
    from
        characters 
    where
        id=?
2025-10-30T14:44:23.945+01:00 DEBUG 156763 --- [rpg-multijoueur] [           main] org.hibernate.SQL                        : 
    select
        u1_0.id,
        u1_0.created_at,
        u1_0.email,
        u1_0.enabled,
        u1_0.password,
        u1_0.username 
    from
        utilisateurs u1_0
Hibernate: 
    select
        u1_0.id,
        u1_0.created_at,
        u1_0.email,
        u1_0.enabled,
        u1_0.password,
        u1_0.username 
    from
        utilisateurs u1_0
2025-10-30T14:44:23.947+01:00 DEBUG 156763 --- [rpg-multijoueur] [           main] org.hibernate.SQL                        : 
    select
        r1_0.utilisateur_id,
        r1_0.role 
    from
        utilisateur_roles r1_0 
    where
        r1_0.utilisateur_id=?
Hibernate: 
    select
        r1_0.utilisateur_id,
        r1_0.role 
    from
        utilisateur_roles r1_0 
    where
        r1_0.utilisateur_id=?
2025-10-30T14:44:23.948+01:00 DEBUG 156763 --- [rpg-multijoueur] [           main] org.hibernate.SQL                        : 
    delete 
    from
        utilisateur_roles 
    where
        utilisateur_id=?
Hibernate: 
    delete 
    from
        utilisateur_roles 
    where
        utilisateur_id=?
2025-10-30T14:44:23.949+01:00 DEBUG 156763 --- [rpg-multijoueur] [           main] org.hibernate.SQL                        : 
    delete 
    from
        utilisateurs 
    where
        id=?
Hibernate: 
    delete 
    from
        utilisateurs 
    where
        id=?
2025-10-30T14:44:23.952+01:00 DEBUG 156763 --- [rpg-multijoueur] [           main] o.s.security.web.FilterChainProxy        : Securing POST /auth/register
2025-10-30T14:44:23.953+01:00 DEBUG 156763 --- [rpg-multijoueur] [           main] o.s.s.w.a.AnonymousAuthenticationFilter  : Set SecurityContextHolder to anonymous SecurityContext
2025-10-30T14:44:23.953+01:00 DEBUG 156763 --- [rpg-multijoueur] [           main] o.s.security.web.FilterChainProxy        : Secured POST /auth/register
2025-10-30T14:44:23.956+01:00 DEBUG 156763 --- [rpg-multijoueur] [           main] org.hibernate.SQL                        : 
    select
        u1_0.id 
    from
        utilisateurs u1_0 
    where
        u1_0.username=? 
    fetch
        first ? rows only
Hibernate: 
    select
        u1_0.id 
    from
        utilisateurs u1_0 
    where
        u1_0.username=? 
    fetch
        first ? rows only
2025-10-30T14:44:23.959+01:00 DEBUG 156763 --- [rpg-multijoueur] [           main] org.hibernate.SQL                        : 
    select
        u1_0.id 
    from
        utilisateurs u1_0 
    where
        u1_0.email=? 
    fetch
        first ? rows only
Hibernate: 
    select
        u1_0.id 
    from
        utilisateurs u1_0 
    where
        u1_0.email=? 
    fetch
        first ? rows only
2025-10-30T14:44:24.032+01:00 DEBUG 156763 --- [rpg-multijoueur] [           main] org.hibernate.SQL                        : 
    insert 
    into
        utilisateurs
        (created_at, email, enabled, password, username, id) 
    values
        (?, ?, ?, ?, ?, default)
Hibernate: 
    insert 
    into
        utilisateurs
        (created_at, email, enabled, password, username, id) 
    values
        (?, ?, ?, ?, ?, default)
2025-10-30T14:44:24.034+01:00 DEBUG 156763 --- [rpg-multijoueur] [           main] org.hibernate.SQL                        : 
    insert 
    into
        utilisateur_roles
        (utilisateur_id, role) 
    values
        (?, ?)
Hibernate: 
    insert 
    into
        utilisateur_roles
        (utilisateur_id, role) 
    values
        (?, ?)
2025-10-30T14:44:24.036+01:00 DEBUG 156763 --- [rpg-multijoueur] [           main] org.hibernate.SQL                        : 
    select
        u1_0.id,
        u1_0.created_at,
        u1_0.email,
        u1_0.enabled,
        u1_0.password,
        u1_0.username 
    from
        utilisateurs u1_0 
    where
        u1_0.username=?
Hibernate: 
    select
        u1_0.id,
        u1_0.created_at,
        u1_0.email,
        u1_0.enabled,
        u1_0.password,
        u1_0.username 
    from
        utilisateurs u1_0 
    where
        u1_0.username=?
2025-10-30T14:44:24.039+01:00 DEBUG 156763 --- [rpg-multijoueur] [           main] o.s.security.web.FilterChainProxy        : Securing POST /auth/login
2025-10-30T14:44:24.039+01:00 DEBUG 156763 --- [rpg-multijoueur] [           main] o.s.s.w.a.AnonymousAuthenticationFilter  : Set SecurityContextHolder to anonymous SecurityContext
2025-10-30T14:44:24.040+01:00 DEBUG 156763 --- [rpg-multijoueur] [           main] o.s.security.web.FilterChainProxy        : Secured POST /auth/login
2025-10-30T14:44:24.042+01:00 DEBUG 156763 --- [rpg-multijoueur] [           main] org.hibernate.SQL                        : 
    select
        u1_0.id,
        u1_0.created_at,
        u1_0.email,
        u1_0.enabled,
        u1_0.password,
        u1_0.username 
    from
        utilisateurs u1_0 
    where
        u1_0.username=?
Hibernate: 
    select
        u1_0.id,
        u1_0.created_at,
        u1_0.email,
        u1_0.enabled,
        u1_0.password,
        u1_0.username 
    from
        utilisateurs u1_0 
    where
        u1_0.username=?
2025-10-30T14:44:24.043+01:00 DEBUG 156763 --- [rpg-multijoueur] [           main] org.hibernate.SQL                        : 
    select
        r1_0.utilisateur_id,
        r1_0.role 
    from
        utilisateur_roles r1_0 
    where
        r1_0.utilisateur_id=?
Hibernate: 
    select
        r1_0.utilisateur_id,
        r1_0.role 
    from
        utilisateur_roles r1_0 
    where
        r1_0.utilisateur_id=?
2025-10-30T14:44:24.112+01:00 DEBUG 156763 --- [rpg-multijoueur] [           main] org.hibernate.SQL                        : 
    select
        u1_0.id,
        u1_0.created_at,
        u1_0.email,
        u1_0.enabled,
        u1_0.password,
        u1_0.username 
    from
        utilisateurs u1_0 
    where
        u1_0.username=?
Hibernate: 
    select
        u1_0.id,
        u1_0.created_at,
        u1_0.email,
        u1_0.enabled,
        u1_0.password,
        u1_0.username 
    from
        utilisateurs u1_0 
    where
        u1_0.username=?
2025-10-30T14:44:24.116+01:00 DEBUG 156763 --- [rpg-multijoueur] [           main] o.s.security.web.FilterChainProxy        : Securing POST /api/character/create
2025-10-30T14:44:24.118+01:00 DEBUG 156763 --- [rpg-multijoueur] [           main] org.hibernate.SQL                        : 
    select
        u1_0.id,
        u1_0.created_at,
        u1_0.email,
        u1_0.enabled,
        u1_0.password,
        u1_0.username 
    from
        utilisateurs u1_0 
    where
        u1_0.username=?
Hibernate: 
    select
        u1_0.id,
        u1_0.created_at,
        u1_0.email,
        u1_0.enabled,
        u1_0.password,
        u1_0.username 
    from
        utilisateurs u1_0 
    where
        u1_0.username=?
2025-10-30T14:44:24.119+01:00 DEBUG 156763 --- [rpg-multijoueur] [           main] org.hibernate.SQL                        : 
    select
        r1_0.utilisateur_id,
        r1_0.role 
    from
        utilisateur_roles r1_0 
    where
        r1_0.utilisateur_id=?
Hibernate: 
    select
        r1_0.utilisateur_id,
        r1_0.role 
    from
        utilisateur_roles r1_0 
    where
        r1_0.utilisateur_id=?
2025-10-30T14:44:24.121+01:00 DEBUG 156763 --- [rpg-multijoueur] [           main] o.s.security.web.FilterChainProxy        : Secured POST /api/character/create
2025-10-30T14:44:24.123+01:00 DEBUG 156763 --- [rpg-multijoueur] [           main] org.hibernate.SQL                        : 
    select
        u1_0.id,
        u1_0.created_at,
        u1_0.email,
        u1_0.enabled,
        u1_0.password,
        u1_0.username 
    from
        utilisateurs u1_0 
    where
        u1_0.username=?
Hibernate: 
    select
        u1_0.id,
        u1_0.created_at,
        u1_0.email,
        u1_0.enabled,
        u1_0.password,
        u1_0.username 
    from
        utilisateurs u1_0 
    where
        u1_0.username=?
2025-10-30T14:44:24.124+01:00 DEBUG 156763 --- [rpg-multijoueur] [           main] org.hibernate.SQL                        : 
    select
        r1_0.utilisateur_id,
        r1_0.role 
    from
        utilisateur_roles r1_0 
    where
        r1_0.utilisateur_id=?
Hibernate: 
    select
        r1_0.utilisateur_id,
        r1_0.role 
    from
        utilisateur_roles r1_0 
    where
        r1_0.utilisateur_id=?
2025-10-30T14:44:24.126+01:00 DEBUG 156763 --- [rpg-multijoueur] [           main] org.hibernate.SQL                        : 
    select
        count(c1_0.id) 
    from
        characters c1_0 
    left join
        utilisateurs u1_0 
            on u1_0.id=c1_0.utilisateur_id 
    where
        u1_0.id=?
Hibernate: 
    select
        count(c1_0.id) 
    from
        characters c1_0 
    left join
        utilisateurs u1_0 
            on u1_0.id=c1_0.utilisateur_id 
    where
        u1_0.id=?
2025-10-30T14:44:24.127+01:00 DEBUG 156763 --- [rpg-multijoueur] [           main] org.hibernate.SQL                        : 
    select
        c1_0.id 
    from
        characters c1_0 
    where
        c1_0.name=? 
    fetch
        first ? rows only
Hibernate: 
    select
        c1_0.id 
    from
        characters c1_0 
    where
        c1_0.name=? 
    fetch
        first ? rows only
2025-10-30T14:44:24.128+01:00 DEBUG 156763 --- [rpg-multijoueur] [           main] org.hibernate.SQL                        : 
    insert 
    into
        characters
        (character_class, created_at, crit_rate, current_hp, current_mp, destiny, evade, experience, hit, level, magic_defense, magic_attack, magic_evade, magic_hit, max_hp, max_mp, move, name, physical_defense, physical_attack, positionx, positiony, speed, state, updated_at, utilisateur_id, id) 
    values
        (?, ?, ?, ?, ?, ?, ?, ?, ?, ?, ?, ?, ?, ?, ?, ?, ?, ?, ?, ?, ?, ?, ?, ?, ?, ?, default)
Hibernate: 
    insert 
    into
        characters
        (character_class, created_at, crit_rate, current_hp, current_mp, destiny, evade, experience, hit, level, magic_defense, magic_attack, magic_evade, magic_hit, max_hp, max_mp, move, name, physical_defense, physical_attack, positionx, positiony, speed, state, updated_at, utilisateur_id, id) 
    values
        (?, ?, ?, ?, ?, ?, ?, ?, ?, ?, ?, ?, ?, ?, ?, ?, ?, ?, ?, ?, ?, ?, ?, ?, ?, ?, default)
2025-10-30T14:44:24.133+01:00 DEBUG 156763 --- [rpg-multijoueur] [           main] o.s.security.web.FilterChainProxy        : Securing GET /api/character/me
2025-10-30T14:44:24.135+01:00 DEBUG 156763 --- [rpg-multijoueur] [           main] org.hibernate.SQL                        : 
    select
        u1_0.id,
        u1_0.created_at,
        u1_0.email,
        u1_0.enabled,
        u1_0.password,
        u1_0.username 
    from
        utilisateurs u1_0 
    where
        u1_0.username=?
Hibernate: 
    select
        u1_0.id,
        u1_0.created_at,
        u1_0.email,
        u1_0.enabled,
        u1_0.password,
        u1_0.username 
    from
        utilisateurs u1_0 
    where
        u1_0.username=?
2025-10-30T14:44:24.136+01:00 DEBUG 156763 --- [rpg-multijoueur] [           main] org.hibernate.SQL                        : 
    select
        r1_0.utilisateur_id,
        r1_0.role 
    from
        utilisateur_roles r1_0 
    where
        r1_0.utilisateur_id=?
Hibernate: 
    select
        r1_0.utilisateur_id,
        r1_0.role 
    from
        utilisateur_roles r1_0 
    where
        r1_0.utilisateur_id=?
2025-10-30T14:44:24.139+01:00 DEBUG 156763 --- [rpg-multijoueur] [           main] o.s.security.web.FilterChainProxy        : Secured GET /api/character/me
2025-10-30T14:44:24.143+01:00 DEBUG 156763 --- [rpg-multijoueur] [           main] org.hibernate.SQL                        : 
    select
        u1_0.id,
        u1_0.created_at,
        u1_0.email,
        u1_0.enabled,
        u1_0.password,
        u1_0.username 
    from
        utilisateurs u1_0 
    where
        u1_0.username=?
Hibernate: 
    select
        u1_0.id,
        u1_0.created_at,
        u1_0.email,
        u1_0.enabled,
        u1_0.password,
        u1_0.username 
    from
        utilisateurs u1_0 
    where
        u1_0.username=?
2025-10-30T14:44:24.145+01:00 DEBUG 156763 --- [rpg-multijoueur] [           main] org.hibernate.SQL                        : 
    select
        r1_0.utilisateur_id,
        r1_0.role 
    from
        utilisateur_roles r1_0 
    where
        r1_0.utilisateur_id=?
Hibernate: 
    select
        r1_0.utilisateur_id,
        r1_0.role 
    from
        utilisateur_roles r1_0 
    where
        r1_0.utilisateur_id=?
2025-10-30T14:44:24.149+01:00 DEBUG 156763 --- [rpg-multijoueur] [           main] org.hibernate.SQL                        : 
    select
        c1_0.id,
        c1_0.character_class,
        c1_0.created_at,
        c1_0.crit_rate,
        c1_0.current_hp,
        c1_0.current_mp,
        c1_0.destiny,
        c1_0.evade,
        c1_0.experience,
        c1_0.hit,
        c1_0.level,
        c1_0.magic_defense,
        c1_0.magic_attack,
        c1_0.magic_evade,
        c1_0.magic_hit,
        c1_0.max_hp,
        c1_0.max_mp,
        c1_0.move,
        c1_0.name,
        c1_0.physical_defense,
        c1_0.physical_attack,
        c1_0.positionx,
        c1_0.positiony,
        c1_0.speed,
        c1_0.state,
        c1_0.updated_at,
        c1_0.utilisateur_id 
    from
        characters c1_0 
    left join
        utilisateurs u1_0 
            on u1_0.id=c1_0.utilisateur_id 
    where
        u1_0.id=?
Hibernate: 
    select
        c1_0.id,
        c1_0.character_class,
        c1_0.created_at,
        c1_0.crit_rate,
        c1_0.current_hp,
        c1_0.current_mp,
        c1_0.destiny,
        c1_0.evade,
        c1_0.experience,
        c1_0.hit,
        c1_0.level,
        c1_0.magic_defense,
        c1_0.magic_attack,
        c1_0.magic_evade,
        c1_0.magic_hit,
        c1_0.max_hp,
        c1_0.max_mp,
        c1_0.move,
        c1_0.name,
        c1_0.physical_defense,
        c1_0.physical_attack,
        c1_0.positionx,
        c1_0.positiony,
        c1_0.speed,
        c1_0.state,
        c1_0.updated_at,
        c1_0.utilisateur_id 
    from
        characters c1_0 
    left join
        utilisateurs u1_0 
            on u1_0.id=c1_0.utilisateur_id 
    where
        u1_0.id=?
]]></system-out>
  </testcase>
  <testcase name="createCharacter_withoutAuth_forbidden" classname="com.example.rpg.controller.CharacterControllerIntegrationTest" time="0.025">
    <system-out><![CDATA[2025-10-30T14:44:24.164+01:00 DEBUG 156763 --- [rpg-multijoueur] [           main] org.hibernate.SQL                        : 
    select
        c1_0.id,
        c1_0.character_class,
        c1_0.created_at,
        c1_0.crit_rate,
        c1_0.current_hp,
        c1_0.current_mp,
        c1_0.destiny,
        c1_0.evade,
        c1_0.experience,
        c1_0.hit,
        c1_0.level,
        c1_0.magic_defense,
        c1_0.magic_attack,
        c1_0.magic_evade,
        c1_0.magic_hit,
        c1_0.max_hp,
        c1_0.max_mp,
        c1_0.move,
        c1_0.name,
        c1_0.physical_defense,
        c1_0.physical_attack,
        c1_0.positionx,
        c1_0.positiony,
        c1_0.speed,
        c1_0.state,
        c1_0.updated_at,
        c1_0.utilisateur_id 
    from
        characters c1_0
Hibernate: 
    select
        c1_0.id,
        c1_0.character_class,
        c1_0.created_at,
        c1_0.crit_rate,
        c1_0.current_hp,
        c1_0.current_mp,
        c1_0.destiny,
        c1_0.evade,
        c1_0.experience,
        c1_0.hit,
        c1_0.level,
        c1_0.magic_defense,
        c1_0.magic_attack,
        c1_0.magic_evade,
        c1_0.magic_hit,
        c1_0.max_hp,
        c1_0.max_mp,
        c1_0.move,
        c1_0.name,
        c1_0.physical_defense,
        c1_0.physical_attack,
        c1_0.positionx,
        c1_0.positiony,
        c1_0.speed,
        c1_0.state,
        c1_0.updated_at,
        c1_0.utilisateur_id 
    from
        characters c1_0
2025-10-30T14:44:24.166+01:00 DEBUG 156763 --- [rpg-multijoueur] [           main] org.hibernate.SQL                        : 
    select
        u1_0.id,
        u1_0.created_at,
        u1_0.email,
        u1_0.enabled,
        u1_0.password,
        r1_0.utilisateur_id,
        r1_0.role,
        u1_0.username 
    from
        utilisateurs u1_0 
    left join
        utilisateur_roles r1_0 
            on u1_0.id=r1_0.utilisateur_id 
    where
        u1_0.id=?
Hibernate: 
    select
        u1_0.id,
        u1_0.created_at,
        u1_0.email,
        u1_0.enabled,
        u1_0.password,
        r1_0.utilisateur_id,
        r1_0.role,
        u1_0.username 
    from
        utilisateurs u1_0 
    left join
        utilisateur_roles r1_0 
            on u1_0.id=r1_0.utilisateur_id 
    where
        u1_0.id=?
2025-10-30T14:44:24.168+01:00 DEBUG 156763 --- [rpg-multijoueur] [           main] org.hibernate.SQL                        : 
    delete 
    from
        characters 
    where
        id=?
Hibernate: 
    delete 
    from
        characters 
    where
        id=?
2025-10-30T14:44:24.170+01:00 DEBUG 156763 --- [rpg-multijoueur] [           main] org.hibernate.SQL                        : 
    select
        u1_0.id,
        u1_0.created_at,
        u1_0.email,
        u1_0.enabled,
        u1_0.password,
        u1_0.username 
    from
        utilisateurs u1_0
Hibernate: 
    select
        u1_0.id,
        u1_0.created_at,
        u1_0.email,
        u1_0.enabled,
        u1_0.password,
        u1_0.username 
    from
        utilisateurs u1_0
2025-10-30T14:44:24.171+01:00 DEBUG 156763 --- [rpg-multijoueur] [           main] org.hibernate.SQL                        : 
    select
        r1_0.utilisateur_id,
        r1_0.role 
    from
        utilisateur_roles r1_0 
    where
        r1_0.utilisateur_id=?
Hibernate: 
    select
        r1_0.utilisateur_id,
        r1_0.role 
    from
        utilisateur_roles r1_0 
    where
        r1_0.utilisateur_id=?
2025-10-30T14:44:24.172+01:00 DEBUG 156763 --- [rpg-multijoueur] [           main] org.hibernate.SQL                        : 
    delete 
    from
        utilisateur_roles 
    where
        utilisateur_id=?
Hibernate: 
    delete 
    from
        utilisateur_roles 
    where
        utilisateur_id=?
2025-10-30T14:44:24.173+01:00 DEBUG 156763 --- [rpg-multijoueur] [           main] org.hibernate.SQL                        : 
    delete 
    from
        utilisateurs 
    where
        id=?
Hibernate: 
    delete 
    from
        utilisateurs 
    where
        id=?
2025-10-30T14:44:24.175+01:00 DEBUG 156763 --- [rpg-multijoueur] [           main] o.s.security.web.FilterChainProxy        : Securing POST /api/character/create
2025-10-30T14:44:24.175+01:00 DEBUG 156763 --- [rpg-multijoueur] [           main] o.s.s.w.a.AnonymousAuthenticationFilter  : Set SecurityContextHolder to anonymous SecurityContext
2025-10-30T14:44:24.179+01:00 DEBUG 156763 --- [rpg-multijoueur] [           main] o.s.s.w.a.Http403ForbiddenEntryPoint     : Pre-authenticated entry point called. Rejecting access
]]></system-out>
  </testcase>
  <testcase name="createCharacter_duplicateName_conflict" classname="com.example.rpg.controller.CharacterControllerIntegrationTest" time="0.371">
    <system-out><![CDATA[2025-10-30T14:44:24.193+01:00 DEBUG 156763 --- [rpg-multijoueur] [           main] org.hibernate.SQL                        : 
    select
        c1_0.id,
        c1_0.character_class,
        c1_0.created_at,
        c1_0.crit_rate,
        c1_0.current_hp,
        c1_0.current_mp,
        c1_0.destiny,
        c1_0.evade,
        c1_0.experience,
        c1_0.hit,
        c1_0.level,
        c1_0.magic_defense,
        c1_0.magic_attack,
        c1_0.magic_evade,
        c1_0.magic_hit,
        c1_0.max_hp,
        c1_0.max_mp,
        c1_0.move,
        c1_0.name,
        c1_0.physical_defense,
        c1_0.physical_attack,
        c1_0.positionx,
        c1_0.positiony,
        c1_0.speed,
        c1_0.state,
        c1_0.updated_at,
        c1_0.utilisateur_id 
    from
        characters c1_0
Hibernate: 
    select
        c1_0.id,
        c1_0.character_class,
        c1_0.created_at,
        c1_0.crit_rate,
        c1_0.current_hp,
        c1_0.current_mp,
        c1_0.destiny,
        c1_0.evade,
        c1_0.experience,
        c1_0.hit,
        c1_0.level,
        c1_0.magic_defense,
        c1_0.magic_attack,
        c1_0.magic_evade,
        c1_0.magic_hit,
        c1_0.max_hp,
        c1_0.max_mp,
        c1_0.move,
        c1_0.name,
        c1_0.physical_defense,
        c1_0.physical_attack,
        c1_0.positionx,
        c1_0.positiony,
        c1_0.speed,
        c1_0.state,
        c1_0.updated_at,
        c1_0.utilisateur_id 
    from
        characters c1_0
2025-10-30T14:44:24.196+01:00 DEBUG 156763 --- [rpg-multijoueur] [           main] org.hibernate.SQL                        : 
    select
        u1_0.id,
        u1_0.created_at,
        u1_0.email,
        u1_0.enabled,
        u1_0.password,
        u1_0.username 
    from
        utilisateurs u1_0
Hibernate: 
    select
        u1_0.id,
        u1_0.created_at,
        u1_0.email,
        u1_0.enabled,
        u1_0.password,
        u1_0.username 
    from
        utilisateurs u1_0
2025-10-30T14:44:24.199+01:00 DEBUG 156763 --- [rpg-multijoueur] [           main] o.s.security.web.FilterChainProxy        : Securing POST /auth/register
2025-10-30T14:44:24.200+01:00 DEBUG 156763 --- [rpg-multijoueur] [           main] o.s.s.w.a.AnonymousAuthenticationFilter  : Set SecurityContextHolder to anonymous SecurityContext
2025-10-30T14:44:24.200+01:00 DEBUG 156763 --- [rpg-multijoueur] [           main] o.s.security.web.FilterChainProxy        : Secured POST /auth/register
2025-10-30T14:44:24.203+01:00 DEBUG 156763 --- [rpg-multijoueur] [           main] org.hibernate.SQL                        : 
    select
        u1_0.id 
    from
        utilisateurs u1_0 
    where
        u1_0.username=? 
    fetch
        first ? rows only
Hibernate: 
    select
        u1_0.id 
    from
        utilisateurs u1_0 
    where
        u1_0.username=? 
    fetch
        first ? rows only
2025-10-30T14:44:24.205+01:00 DEBUG 156763 --- [rpg-multijoueur] [           main] org.hibernate.SQL                        : 
    select
        u1_0.id 
    from
        utilisateurs u1_0 
    where
        u1_0.email=? 
    fetch
        first ? rows only
Hibernate: 
    select
        u1_0.id 
    from
        utilisateurs u1_0 
    where
        u1_0.email=? 
    fetch
        first ? rows only
2025-10-30T14:44:24.277+01:00 DEBUG 156763 --- [rpg-multijoueur] [           main] org.hibernate.SQL                        : 
    insert 
    into
        utilisateurs
        (created_at, email, enabled, password, username, id) 
    values
        (?, ?, ?, ?, ?, default)
Hibernate: 
    insert 
    into
        utilisateurs
        (created_at, email, enabled, password, username, id) 
    values
        (?, ?, ?, ?, ?, default)
2025-10-30T14:44:24.278+01:00 DEBUG 156763 --- [rpg-multijoueur] [           main] org.hibernate.SQL                        : 
    insert 
    into
        utilisateur_roles
        (utilisateur_id, role) 
    values
        (?, ?)
Hibernate: 
    insert 
    into
        utilisateur_roles
        (utilisateur_id, role) 
    values
        (?, ?)
2025-10-30T14:44:24.281+01:00 DEBUG 156763 --- [rpg-multijoueur] [           main] org.hibernate.SQL                        : 
    select
        u1_0.id,
        u1_0.created_at,
        u1_0.email,
        u1_0.enabled,
        u1_0.password,
        u1_0.username 
    from
        utilisateurs u1_0 
    where
        u1_0.username=?
Hibernate: 
    select
        u1_0.id,
        u1_0.created_at,
        u1_0.email,
        u1_0.enabled,
        u1_0.password,
        u1_0.username 
    from
        utilisateurs u1_0 
    where
        u1_0.username=?
2025-10-30T14:44:24.283+01:00 DEBUG 156763 --- [rpg-multijoueur] [           main] o.s.security.web.FilterChainProxy        : Securing POST /auth/login
2025-10-30T14:44:24.284+01:00 DEBUG 156763 --- [rpg-multijoueur] [           main] o.s.s.w.a.AnonymousAuthenticationFilter  : Set SecurityContextHolder to anonymous SecurityContext
2025-10-30T14:44:24.284+01:00 DEBUG 156763 --- [rpg-multijoueur] [           main] o.s.security.web.FilterChainProxy        : Secured POST /auth/login
2025-10-30T14:44:24.286+01:00 DEBUG 156763 --- [rpg-multijoueur] [           main] org.hibernate.SQL                        : 
    select
        u1_0.id,
        u1_0.created_at,
        u1_0.email,
        u1_0.enabled,
        u1_0.password,
        u1_0.username 
    from
        utilisateurs u1_0 
    where
        u1_0.username=?
Hibernate: 
    select
        u1_0.id,
        u1_0.created_at,
        u1_0.email,
        u1_0.enabled,
        u1_0.password,
        u1_0.username 
    from
        utilisateurs u1_0 
    where
        u1_0.username=?
2025-10-30T14:44:24.286+01:00 DEBUG 156763 --- [rpg-multijoueur] [           main] org.hibernate.SQL                        : 
    select
        r1_0.utilisateur_id,
        r1_0.role 
    from
        utilisateur_roles r1_0 
    where
        r1_0.utilisateur_id=?
Hibernate: 
    select
        r1_0.utilisateur_id,
        r1_0.role 
    from
        utilisateur_roles r1_0 
    where
        r1_0.utilisateur_id=?
2025-10-30T14:44:24.356+01:00 DEBUG 156763 --- [rpg-multijoueur] [           main] org.hibernate.SQL                        : 
    select
        u1_0.id,
        u1_0.created_at,
        u1_0.email,
        u1_0.enabled,
        u1_0.password,
        u1_0.username 
    from
        utilisateurs u1_0 
    where
        u1_0.username=?
Hibernate: 
    select
        u1_0.id,
        u1_0.created_at,
        u1_0.email,
        u1_0.enabled,
        u1_0.password,
        u1_0.username 
    from
        utilisateurs u1_0 
    where
        u1_0.username=?
2025-10-30T14:44:24.361+01:00 DEBUG 156763 --- [rpg-multijoueur] [           main] o.s.security.web.FilterChainProxy        : Securing POST /auth/register
2025-10-30T14:44:24.362+01:00 DEBUG 156763 --- [rpg-multijoueur] [           main] o.s.s.w.a.AnonymousAuthenticationFilter  : Set SecurityContextHolder to anonymous SecurityContext
2025-10-30T14:44:24.362+01:00 DEBUG 156763 --- [rpg-multijoueur] [           main] o.s.security.web.FilterChainProxy        : Secured POST /auth/register
2025-10-30T14:44:24.365+01:00 DEBUG 156763 --- [rpg-multijoueur] [           main] org.hibernate.SQL                        : 
    select
        u1_0.id 
    from
        utilisateurs u1_0 
    where
        u1_0.username=? 
    fetch
        first ? rows only
Hibernate: 
    select
        u1_0.id 
    from
        utilisateurs u1_0 
    where
        u1_0.username=? 
    fetch
        first ? rows only
2025-10-30T14:44:24.367+01:00 DEBUG 156763 --- [rpg-multijoueur] [           main] org.hibernate.SQL                        : 
    select
        u1_0.id 
    from
        utilisateurs u1_0 
    where
        u1_0.email=? 
    fetch
        first ? rows only
Hibernate: 
    select
        u1_0.id 
    from
        utilisateurs u1_0 
    where
        u1_0.email=? 
    fetch
        first ? rows only
2025-10-30T14:44:24.439+01:00 DEBUG 156763 --- [rpg-multijoueur] [           main] org.hibernate.SQL                        : 
    insert 
    into
        utilisateurs
        (created_at, email, enabled, password, username, id) 
    values
        (?, ?, ?, ?, ?, default)
Hibernate: 
    insert 
    into
        utilisateurs
        (created_at, email, enabled, password, username, id) 
    values
        (?, ?, ?, ?, ?, default)
2025-10-30T14:44:24.441+01:00 DEBUG 156763 --- [rpg-multijoueur] [           main] org.hibernate.SQL                        : 
    insert 
    into
        utilisateur_roles
        (utilisateur_id, role) 
    values
        (?, ?)
Hibernate: 
    insert 
    into
        utilisateur_roles
        (utilisateur_id, role) 
    values
        (?, ?)
2025-10-30T14:44:24.443+01:00 DEBUG 156763 --- [rpg-multijoueur] [           main] org.hibernate.SQL                        : 
    select
        u1_0.id,
        u1_0.created_at,
        u1_0.email,
        u1_0.enabled,
        u1_0.password,
        u1_0.username 
    from
        utilisateurs u1_0 
    where
        u1_0.username=?
Hibernate: 
    select
        u1_0.id,
        u1_0.created_at,
        u1_0.email,
        u1_0.enabled,
        u1_0.password,
        u1_0.username 
    from
        utilisateurs u1_0 
    where
        u1_0.username=?
2025-10-30T14:44:24.446+01:00 DEBUG 156763 --- [rpg-multijoueur] [           main] o.s.security.web.FilterChainProxy        : Securing POST /auth/login
2025-10-30T14:44:24.446+01:00 DEBUG 156763 --- [rpg-multijoueur] [           main] o.s.s.w.a.AnonymousAuthenticationFilter  : Set SecurityContextHolder to anonymous SecurityContext
2025-10-30T14:44:24.447+01:00 DEBUG 156763 --- [rpg-multijoueur] [           main] o.s.security.web.FilterChainProxy        : Secured POST /auth/login
2025-10-30T14:44:24.450+01:00 DEBUG 156763 --- [rpg-multijoueur] [           main] org.hibernate.SQL                        : 
    select
        u1_0.id,
        u1_0.created_at,
        u1_0.email,
        u1_0.enabled,
        u1_0.password,
        u1_0.username 
    from
        utilisateurs u1_0 
    where
        u1_0.username=?
Hibernate: 
    select
        u1_0.id,
        u1_0.created_at,
        u1_0.email,
        u1_0.enabled,
        u1_0.password,
        u1_0.username 
    from
        utilisateurs u1_0 
    where
        u1_0.username=?
2025-10-30T14:44:24.450+01:00 DEBUG 156763 --- [rpg-multijoueur] [           main] org.hibernate.SQL                        : 
    select
        r1_0.utilisateur_id,
        r1_0.role 
    from
        utilisateur_roles r1_0 
    where
        r1_0.utilisateur_id=?
Hibernate: 
    select
        r1_0.utilisateur_id,
        r1_0.role 
    from
        utilisateur_roles r1_0 
    where
        r1_0.utilisateur_id=?
2025-10-30T14:44:24.520+01:00 DEBUG 156763 --- [rpg-multijoueur] [           main] org.hibernate.SQL                        : 
    select
        u1_0.id,
        u1_0.created_at,
        u1_0.email,
        u1_0.enabled,
        u1_0.password,
        u1_0.username 
    from
        utilisateurs u1_0 
    where
        u1_0.username=?
Hibernate: 
    select
        u1_0.id,
        u1_0.created_at,
        u1_0.email,
        u1_0.enabled,
        u1_0.password,
        u1_0.username 
    from
        utilisateurs u1_0 
    where
        u1_0.username=?
2025-10-30T14:44:24.522+01:00 DEBUG 156763 --- [rpg-multijoueur] [           main] o.s.security.web.FilterChainProxy        : Securing POST /api/character/create
2025-10-30T14:44:24.525+01:00 DEBUG 156763 --- [rpg-multijoueur] [           main] org.hibernate.SQL                        : 
    select
        u1_0.id,
        u1_0.created_at,
        u1_0.email,
        u1_0.enabled,
        u1_0.password,
        u1_0.username 
    from
        utilisateurs u1_0 
    where
        u1_0.username=?
Hibernate: 
    select
        u1_0.id,
        u1_0.created_at,
        u1_0.email,
        u1_0.enabled,
        u1_0.password,
        u1_0.username 
    from
        utilisateurs u1_0 
    where
        u1_0.username=?
2025-10-30T14:44:24.526+01:00 DEBUG 156763 --- [rpg-multijoueur] [           main] org.hibernate.SQL                        : 
    select
        r1_0.utilisateur_id,
        r1_0.role 
    from
        utilisateur_roles r1_0 
    where
        r1_0.utilisateur_id=?
Hibernate: 
    select
        r1_0.utilisateur_id,
        r1_0.role 
    from
        utilisateur_roles r1_0 
    where
        r1_0.utilisateur_id=?
2025-10-30T14:44:24.527+01:00 DEBUG 156763 --- [rpg-multijoueur] [           main] o.s.security.web.FilterChainProxy        : Secured POST /api/character/create
2025-10-30T14:44:24.530+01:00 DEBUG 156763 --- [rpg-multijoueur] [           main] org.hibernate.SQL                        : 
    select
        u1_0.id,
        u1_0.created_at,
        u1_0.email,
        u1_0.enabled,
        u1_0.password,
        u1_0.username 
    from
        utilisateurs u1_0 
    where
        u1_0.username=?
Hibernate: 
    select
        u1_0.id,
        u1_0.created_at,
        u1_0.email,
        u1_0.enabled,
        u1_0.password,
        u1_0.username 
    from
        utilisateurs u1_0 
    where
        u1_0.username=?
2025-10-30T14:44:24.531+01:00 DEBUG 156763 --- [rpg-multijoueur] [           main] org.hibernate.SQL                        : 
    select
        r1_0.utilisateur_id,
        r1_0.role 
    from
        utilisateur_roles r1_0 
    where
        r1_0.utilisateur_id=?
Hibernate: 
    select
        r1_0.utilisateur_id,
        r1_0.role 
    from
        utilisateur_roles r1_0 
    where
        r1_0.utilisateur_id=?
2025-10-30T14:44:24.532+01:00 DEBUG 156763 --- [rpg-multijoueur] [           main] org.hibernate.SQL                        : 
    select
        count(c1_0.id) 
    from
        characters c1_0 
    left join
        utilisateurs u1_0 
            on u1_0.id=c1_0.utilisateur_id 
    where
        u1_0.id=?
Hibernate: 
    select
        count(c1_0.id) 
    from
        characters c1_0 
    left join
        utilisateurs u1_0 
            on u1_0.id=c1_0.utilisateur_id 
    where
        u1_0.id=?
2025-10-30T14:44:24.534+01:00 DEBUG 156763 --- [rpg-multijoueur] [           main] org.hibernate.SQL                        : 
    select
        c1_0.id 
    from
        characters c1_0 
    where
        c1_0.name=? 
    fetch
        first ? rows only
Hibernate: 
    select
        c1_0.id 
    from
        characters c1_0 
    where
        c1_0.name=? 
    fetch
        first ? rows only
2025-10-30T14:44:24.535+01:00 DEBUG 156763 --- [rpg-multijoueur] [           main] org.hibernate.SQL                        : 
    insert 
    into
        characters
        (character_class, created_at, crit_rate, current_hp, current_mp, destiny, evade, experience, hit, level, magic_defense, magic_attack, magic_evade, magic_hit, max_hp, max_mp, move, name, physical_defense, physical_attack, positionx, positiony, speed, state, updated_at, utilisateur_id, id) 
    values
        (?, ?, ?, ?, ?, ?, ?, ?, ?, ?, ?, ?, ?, ?, ?, ?, ?, ?, ?, ?, ?, ?, ?, ?, ?, ?, default)
Hibernate: 
    insert 
    into
        characters
        (character_class, created_at, crit_rate, current_hp, current_mp, destiny, evade, experience, hit, level, magic_defense, magic_attack, magic_evade, magic_hit, max_hp, max_mp, move, name, physical_defense, physical_attack, positionx, positiony, speed, state, updated_at, utilisateur_id, id) 
    values
        (?, ?, ?, ?, ?, ?, ?, ?, ?, ?, ?, ?, ?, ?, ?, ?, ?, ?, ?, ?, ?, ?, ?, ?, ?, ?, default)
2025-10-30T14:44:24.538+01:00 DEBUG 156763 --- [rpg-multijoueur] [           main] o.s.security.web.FilterChainProxy        : Securing POST /api/character/create
2025-10-30T14:44:24.541+01:00 DEBUG 156763 --- [rpg-multijoueur] [           main] org.hibernate.SQL                        : 
    select
        u1_0.id,
        u1_0.created_at,
        u1_0.email,
        u1_0.enabled,
        u1_0.password,
        u1_0.username 
    from
        utilisateurs u1_0 
    where
        u1_0.username=?
Hibernate: 
    select
        u1_0.id,
        u1_0.created_at,
        u1_0.email,
        u1_0.enabled,
        u1_0.password,
        u1_0.username 
    from
        utilisateurs u1_0 
    where
        u1_0.username=?
2025-10-30T14:44:24.542+01:00 DEBUG 156763 --- [rpg-multijoueur] [           main] org.hibernate.SQL                        : 
    select
        r1_0.utilisateur_id,
        r1_0.role 
    from
        utilisateur_roles r1_0 
    where
        r1_0.utilisateur_id=?
Hibernate: 
    select
        r1_0.utilisateur_id,
        r1_0.role 
    from
        utilisateur_roles r1_0 
    where
        r1_0.utilisateur_id=?
2025-10-30T14:44:24.544+01:00 DEBUG 156763 --- [rpg-multijoueur] [           main] o.s.security.web.FilterChainProxy        : Secured POST /api/character/create
2025-10-30T14:44:24.546+01:00 DEBUG 156763 --- [rpg-multijoueur] [           main] org.hibernate.SQL                        : 
    select
        u1_0.id,
        u1_0.created_at,
        u1_0.email,
        u1_0.enabled,
        u1_0.password,
        u1_0.username 
    from
        utilisateurs u1_0 
    where
        u1_0.username=?
Hibernate: 
    select
        u1_0.id,
        u1_0.created_at,
        u1_0.email,
        u1_0.enabled,
        u1_0.password,
        u1_0.username 
    from
        utilisateurs u1_0 
    where
        u1_0.username=?
2025-10-30T14:44:24.547+01:00 DEBUG 156763 --- [rpg-multijoueur] [           main] org.hibernate.SQL                        : 
    select
        r1_0.utilisateur_id,
        r1_0.role 
    from
        utilisateur_roles r1_0 
    where
        r1_0.utilisateur_id=?
Hibernate: 
    select
        r1_0.utilisateur_id,
        r1_0.role 
    from
        utilisateur_roles r1_0 
    where
        r1_0.utilisateur_id=?
2025-10-30T14:44:24.548+01:00 DEBUG 156763 --- [rpg-multijoueur] [           main] org.hibernate.SQL                        : 
    select
        count(c1_0.id) 
    from
        characters c1_0 
    left join
        utilisateurs u1_0 
            on u1_0.id=c1_0.utilisateur_id 
    where
        u1_0.id=?
Hibernate: 
    select
        count(c1_0.id) 
    from
        characters c1_0 
    left join
        utilisateurs u1_0 
            on u1_0.id=c1_0.utilisateur_id 
    where
        u1_0.id=?
2025-10-30T14:44:24.550+01:00 DEBUG 156763 --- [rpg-multijoueur] [           main] org.hibernate.SQL                        : 
    select
        c1_0.id 
    from
        characters c1_0 
    where
        c1_0.name=? 
    fetch
        first ? rows only
Hibernate: 
    select
        c1_0.id 
    from
        characters c1_0 
    where
        c1_0.name=? 
    fetch
        first ? rows only
]]></system-out>
  </testcase>
</testsuite>